<?xml version="1.0" encoding="UTF-8"?>
<!-- Generated by org.testng.reporters.JUnitXMLReporter -->
<testsuite ignored="0" hostname="DESKTOP-7N5R1H4" failures="0" tests="1" name="test" time="0.116" errors="0" timestamp="2021-02-02T11:19:20 IST">
  <testcase classname="practise.TestNG_Parallel_Params" name="@BeforeMethod setUp" time="0.009">
    <failure type="java.lang.NullPointerException">
      <![CDATA[java.lang.NullPointerException
at practise.TestNG_Parallel_Params.setUp(TestNG_Parallel_Params.java:30)
at java.base/java.util.ArrayList.forEach(ArrayList.java:1541)
... Removed 31 stack frames]]>
    </failure>
  </testcase> <!-- @BeforeMethod setUp -->
  <testcase classname="practise.TestNG_Parallel_Params" name="test" time="0.0">
    <skipped/>
  </testcase> <!-- test -->
</testsuite> <!-- test -->
