<?xml version="1.0" encoding="UTF-8"?>
<!-- Generated by org.testng.reporters.JUnitXMLReporter -->
<testsuite ignored="0" hostname="DESKTOP-7N5R1H4" failures="1" tests="3" name="application test" time="0.129" errors="0" timestamp="2021-02-02T16:53:56 IST">
  <testcase classname="practise.TestNG_ReportsAndLogs" name="testMethod2" time="0.013">
    <failure type="java.lang.AssertionError" message="expected [true] but found [false]">
      <![CDATA[java.lang.AssertionError: expected [true] but found [false]
at practise.TestNG_ReportsAndLogs.testMethod2(TestNG_ReportsAndLogs.java:41)
at java.base/java.util.ArrayList.forEach(ArrayList.java:1541)
... Removed 31 stack frames]]>
    </failure>
  </testcase> <!-- testMethod2 -->
  <testcase classname="practise.TestNG_ReportsAndLogs" name="testMethod1" time="0.004"/>
  <testcase classname="practise.TestNG_ReportsAndLogs" name="testMethod3" time="0.0">
    <skipped/>
  </testcase> <!-- testMethod3 -->
</testsuite> <!-- application test -->
