<?xml version="1.0" encoding="UTF-8"?>
<!-- Generated by org.testng.reporters.JUnitXMLReporter -->
<testsuite ignored="3" hostname="DESKTOP-7N5R1H4" failures="0" tests="0" time="0.021" errors="0" timestamp="2021-01-29T12:45:23 IST">
  <testcase classname="practise.TestNG_Grouping" name="test2" time="0.0">
    <ignored/>
  </testcase> <!-- test2 -->
  <testcase classname="practise.TestNG_Grouping" name="test3" time="0.0">
    <ignored/>
  </testcase> <!-- test3 -->
  <testcase classname="practise.TestNG_Grouping" name="test1" time="0.0">
    <ignored/>
  </testcase> <!-- test1 -->
</testsuite>
