<?xml version="1.0" encoding="UTF-8"?>
<testng-results ignored="0" total="2" passed="2" failed="0" skipped="0">
  <reporter-output>
  </reporter-output>
  <suite started-at="2021-02-03T17:15:21 IST" name="suite" finished-at="2021-02-03T17:15:47 IST" duration-ms="26163">
    <groups>
    </groups>
    <test started-at="2021-02-03T17:15:21 IST" name="Test for Chrome" finished-at="2021-02-03T17:15:46 IST" duration-ms="25048">
      <class name="practise.Gmail">
        <test-method signature="launchBrowser(java.lang.String)[pri:0, instance:practise.Gmail@73ee04c8]" started-at="2021-02-03T17:15:21 IST" name="launchBrowser" finished-at="2021-02-03T17:15:46 IST" duration-ms="24856" status="PASS">
          <params>
            <param index="0">
              <value>
                <![CDATA[chrome]]>
              </value>
            </param>
          </params>
          <reporter-output>
          </reporter-output>
        </test-method> <!-- launchBrowser -->
      </class> <!-- practise.Gmail -->
    </test> <!-- Test for Chrome -->
    <test started-at="2021-02-03T17:15:21 IST" name="Test for Firefox" finished-at="2021-02-03T17:15:47 IST" duration-ms="26163">
      <class name="practise.Gmail">
        <test-method signature="launchBrowser(java.lang.String)[pri:0, instance:practise.Gmail@6631f5ca]" started-at="2021-02-03T17:15:21 IST" name="launchBrowser" finished-at="2021-02-03T17:15:47 IST" duration-ms="26049" status="PASS">
          <params>
            <param index="0">
              <value>
                <![CDATA[firefox]]>
              </value>
            </param>
          </params>
          <reporter-output>
          </reporter-output>
        </test-method> <!-- launchBrowser -->
      </class> <!-- practise.Gmail -->
    </test> <!-- Test for Firefox -->
  </suite> <!-- suite -->
</testng-results>
